[2023-06-03 08:36:03Z INFO HostContext] No proxy settings were found based on environmental variables (http_proxy/https_proxy/HTTP_PROXY/HTTPS_PROXY)
[2023-06-03 08:36:03Z INFO HostContext] Well known directory 'Bin': 'D:\Projects\Sapphire52000.github.io\Sapphire52000.github.io\actions-runner\bin'
[2023-06-03 08:36:03Z INFO HostContext] Well known directory 'Root': 'D:\Projects\Sapphire52000.github.io\Sapphire52000.github.io\actions-runner'
[2023-06-03 08:36:03Z INFO HostContext] Well known config file 'Credentials': 'D:\Projects\Sapphire52000.github.io\Sapphire52000.github.io\actions-runner\.credentials'
[2023-06-03 08:36:03Z INFO HostContext] Well known directory 'Bin': 'D:\Projects\Sapphire52000.github.io\Sapphire52000.github.io\actions-runner\bin'
[2023-06-03 08:36:03Z INFO HostContext] Well known directory 'Root': 'D:\Projects\Sapphire52000.github.io\Sapphire52000.github.io\actions-runner'
[2023-06-03 08:36:03Z INFO HostContext] Well known config file 'Runner': 'D:\Projects\Sapphire52000.github.io\Sapphire52000.github.io\actions-runner\.runner'
[2023-06-03 08:36:03Z INFO Listener] Runner is built for Windows (X64) - win-x64.
[2023-06-03 08:36:03Z INFO Listener] RuntimeInformation: Microsoft Windows 10.0.19044.
[2023-06-03 08:36:03Z INFO Listener] Version: 2.304.0
[2023-06-03 08:36:03Z INFO Listener] Commit: 9ef4121b5b31ee5c03b7770288213d741081f747
[2023-06-03 08:36:03Z INFO Listener] Culture: ko-KR
[2023-06-03 08:36:03Z INFO Listener] UI Culture: ko-KR
[2023-06-03 08:36:03Z INFO HostContext] Well known directory 'Bin': 'D:\Projects\Sapphire52000.github.io\Sapphire52000.github.io\actions-runner\bin'
[2023-06-03 08:36:03Z INFO HostContext] Well known directory 'Root': 'D:\Projects\Sapphire52000.github.io\Sapphire52000.github.io\actions-runner'
[2023-06-03 08:36:03Z INFO Listener] Validating directory permissions for: 'D:\Projects\Sapphire52000.github.io\Sapphire52000.github.io\actions-runner'
[2023-06-03 08:36:03Z INFO CommandLineParser] Parse
[2023-06-03 08:36:03Z INFO CommandLineParser] Parsing 1 args
[2023-06-03 08:36:03Z INFO CommandLineParser] parsing argument
[2023-06-03 08:36:03Z INFO CommandLineParser] HasArgs: False
[2023-06-03 08:36:03Z INFO CommandLineParser] Adding Command: run
[2023-06-03 08:36:03Z INFO Listener] Arguments parsed
[2023-06-03 08:36:03Z INFO Runner] ExecuteCommand
[2023-06-03 08:36:03Z INFO ConfigurationStore] currentAssemblyLocation: D:\Projects\Sapphire52000.github.io\Sapphire52000.github.io\actions-runner\bin\Runner.Listener.dll
[2023-06-03 08:36:03Z INFO HostContext] Well known directory 'Bin': 'D:\Projects\Sapphire52000.github.io\Sapphire52000.github.io\actions-runner\bin'
[2023-06-03 08:36:03Z INFO ConfigurationStore] binPath: D:\Projects\Sapphire52000.github.io\Sapphire52000.github.io\actions-runner\bin
[2023-06-03 08:36:03Z INFO HostContext] Well known directory 'Bin': 'D:\Projects\Sapphire52000.github.io\Sapphire52000.github.io\actions-runner\bin'
[2023-06-03 08:36:03Z INFO HostContext] Well known directory 'Root': 'D:\Projects\Sapphire52000.github.io\Sapphire52000.github.io\actions-runner'
[2023-06-03 08:36:03Z INFO ConfigurationStore] RootFolder: D:\Projects\Sapphire52000.github.io\Sapphire52000.github.io\actions-runner
[2023-06-03 08:36:03Z INFO HostContext] Well known directory 'Bin': 'D:\Projects\Sapphire52000.github.io\Sapphire52000.github.io\actions-runner\bin'
[2023-06-03 08:36:03Z INFO HostContext] Well known directory 'Root': 'D:\Projects\Sapphire52000.github.io\Sapphire52000.github.io\actions-runner'
[2023-06-03 08:36:03Z INFO HostContext] Well known config file 'Runner': 'D:\Projects\Sapphire52000.github.io\Sapphire52000.github.io\actions-runner\.runner'
[2023-06-03 08:36:03Z INFO ConfigurationStore] ConfigFilePath: D:\Projects\Sapphire52000.github.io\Sapphire52000.github.io\actions-runner\.runner
[2023-06-03 08:36:03Z INFO HostContext] Well known directory 'Bin': 'D:\Projects\Sapphire52000.github.io\Sapphire52000.github.io\actions-runner\bin'
[2023-06-03 08:36:03Z INFO HostContext] Well known directory 'Root': 'D:\Projects\Sapphire52000.github.io\Sapphire52000.github.io\actions-runner'
[2023-06-03 08:36:03Z INFO HostContext] Well known config file 'Credentials': 'D:\Projects\Sapphire52000.github.io\Sapphire52000.github.io\actions-runner\.credentials'
[2023-06-03 08:36:03Z INFO ConfigurationStore] CredFilePath: D:\Projects\Sapphire52000.github.io\Sapphire52000.github.io\actions-runner\.credentials
[2023-06-03 08:36:03Z INFO HostContext] Well known directory 'Bin': 'D:\Projects\Sapphire52000.github.io\Sapphire52000.github.io\actions-runner\bin'
[2023-06-03 08:36:03Z INFO HostContext] Well known directory 'Root': 'D:\Projects\Sapphire52000.github.io\Sapphire52000.github.io\actions-runner'
[2023-06-03 08:36:03Z INFO HostContext] Well known config file 'MigratedCredentials': 'D:\Projects\Sapphire52000.github.io\Sapphire52000.github.io\actions-runner\.credentials_migrated'
[2023-06-03 08:36:03Z INFO ConfigurationStore] MigratedCredFilePath: D:\Projects\Sapphire52000.github.io\Sapphire52000.github.io\actions-runner\.credentials_migrated
[2023-06-03 08:36:03Z INFO HostContext] Well known directory 'Bin': 'D:\Projects\Sapphire52000.github.io\Sapphire52000.github.io\actions-runner\bin'
[2023-06-03 08:36:03Z INFO HostContext] Well known directory 'Root': 'D:\Projects\Sapphire52000.github.io\Sapphire52000.github.io\actions-runner'
[2023-06-03 08:36:03Z INFO HostContext] Well known config file 'Service': 'D:\Projects\Sapphire52000.github.io\Sapphire52000.github.io\actions-runner\.service'
[2023-06-03 08:36:03Z INFO ConfigurationStore] ServiceConfigFilePath: D:\Projects\Sapphire52000.github.io\Sapphire52000.github.io\actions-runner\.service
[2023-06-03 08:36:03Z INFO CommandSettings] Flag 'help': 'False'
[2023-06-03 08:36:03Z INFO CommandSettings] Flag 'version': 'False'
[2023-06-03 08:36:03Z INFO CommandSettings] Flag 'commit': 'False'
[2023-06-03 08:36:03Z INFO CommandSettings] Flag 'check': 'False'
[2023-06-03 08:36:04Z INFO CommandSettings] Command 'configure': 'False'
[2023-06-03 08:36:04Z INFO CommandSettings] Command 'remove': 'False'
[2023-06-03 08:36:04Z INFO CommandSettings] Command 'warmup': 'False'
[2023-06-03 08:36:04Z INFO ConfigurationManager] LoadSettings
[2023-06-03 08:36:04Z INFO ConfigurationStore] IsConfigured()
[2023-06-03 08:36:04Z INFO ConfigurationStore] IsConfigured: True
[2023-06-03 08:36:04Z INFO ConfigurationManager] Is configured: True
[2023-06-03 08:36:04Z INFO ConfigurationStore] Read setting file: 313 chars
[2023-06-03 08:36:04Z INFO ConfigurationManager] Settings Loaded
[2023-06-03 08:36:04Z INFO ConfigurationStore] IsServiceConfigured()
[2023-06-03 08:36:04Z INFO ConfigurationStore] IsServiceConfigured: False
[2023-06-03 08:36:04Z INFO CommandSettings] Command 'run': 'True'
[2023-06-03 08:36:04Z INFO ConfigurationStore] IsConfigured()
[2023-06-03 08:36:04Z INFO ConfigurationStore] IsConfigured: True
[2023-06-03 08:36:04Z INFO ConfigurationManager] Is configured: True
[2023-06-03 08:36:04Z INFO Runner] Could not parse the argument value '' for StartupType. Defaulting to Manual
[2023-06-03 08:36:04Z INFO Runner] Set runner startup type - Manual
[2023-06-03 08:36:04Z INFO CommandSettings] Flag 'once': 'False'
[2023-06-03 08:36:04Z INFO CommandSettings] Flag 'once': 'False'
[2023-06-03 08:36:04Z INFO Runner] RunAsync
[2023-06-03 08:36:04Z INFO ConfigurationManager] LoadSettings
[2023-06-03 08:36:04Z INFO ConfigurationStore] IsConfigured()
[2023-06-03 08:36:04Z INFO ConfigurationStore] IsConfigured: True
[2023-06-03 08:36:04Z INFO ConfigurationManager] Is configured: True
[2023-06-03 08:36:04Z INFO ConfigurationManager] Settings Loaded
[2023-06-03 08:36:04Z INFO MessageListener] {
  "AgentId": 2,
  "AgentName": "SapphireLab",
  "PoolId": 1,
  "PoolName": "Default",
  "ServerUrl": "https://pipelines.actions.githubusercontent.com/EujBeTC1BGJxADbn9T0wbGqJ6FPBEyookALgiU1fvbhi1CQH5P",
  "GitHubUrl": "https://github.com/Sapphire52000/Sapphire52000.github.io",
  "WorkFolder": "_work"
}
[2023-06-03 08:36:04Z INFO MessageListener] Loading Credentials
[2023-06-03 08:36:04Z INFO ConfigurationStore] HasCredentials()
[2023-06-03 08:36:04Z INFO ConfigurationStore] stored True
[2023-06-03 08:36:04Z INFO CredentialManager] GetCredentialProvider
[2023-06-03 08:36:04Z INFO CredentialManager] Creating type OAuth
[2023-06-03 08:36:04Z INFO CredentialManager] Creating credential type: OAuth
[2023-06-03 08:36:04Z INFO HostContext] Well known directory 'Bin': 'D:\Projects\Sapphire52000.github.io\Sapphire52000.github.io\actions-runner\bin'
[2023-06-03 08:36:04Z INFO HostContext] Well known directory 'Root': 'D:\Projects\Sapphire52000.github.io\Sapphire52000.github.io\actions-runner'
[2023-06-03 08:36:04Z INFO HostContext] Well known config file 'RSACredentials': 'D:\Projects\Sapphire52000.github.io\Sapphire52000.github.io\actions-runner\.credentials_rsaparams'
[2023-06-03 08:36:04Z INFO RSAEncryptedFileKeyManager] Loading RSA key parameters from file D:\Projects\Sapphire52000.github.io\Sapphire52000.github.io\actions-runner\.credentials_rsaparams
[2023-06-03 08:36:04Z INFO MessageListener] Attempt to create session.
[2023-06-03 08:36:04Z INFO MessageListener] Connecting to the Runner Server...
[2023-06-03 08:36:04Z INFO RunnerServer] EstablishVssConnection
[2023-06-03 08:36:04Z INFO RunnerServer] Establish connection with 100 seconds timeout.
[2023-06-03 08:36:04Z INFO GitHubActionsService] Starting operation Location.GetConnectionData
[2023-06-03 08:36:04Z INFO RunnerServer] EstablishVssConnection
[2023-06-03 08:36:04Z INFO RunnerServer] Establish connection with 60 seconds timeout.
[2023-06-03 08:36:04Z INFO GitHubActionsService] Starting operation Location.GetConnectionData
[2023-06-03 08:36:04Z INFO RunnerServer] EstablishVssConnection
[2023-06-03 08:36:04Z INFO RunnerServer] Establish connection with 60 seconds timeout.
[2023-06-03 08:36:04Z INFO GitHubActionsService] Starting operation Location.GetConnectionData
[2023-06-03 08:36:04Z INFO GitHubActionsService] Finished operation Location.GetConnectionData
[2023-06-03 08:36:05Z INFO GitHubActionsService] Finished operation Location.GetConnectionData
[2023-06-03 08:36:05Z INFO GitHubActionsService] Finished operation Location.GetConnectionData
[2023-06-03 08:36:05Z INFO MessageListener] VssConnection created
[2023-06-03 08:36:05Z INFO Terminal] WRITE LINE: 
[2023-06-03 08:36:05Z INFO Terminal] WRITE LINE: 
[2023-06-03 08:36:05Z INFO RSAEncryptedFileKeyManager] Loading RSA key parameters from file D:\Projects\Sapphire52000.github.io\Sapphire52000.github.io\actions-runner\.credentials_rsaparams
[2023-06-03 08:36:05Z INFO RSAEncryptedFileKeyManager] Loading RSA key parameters from file D:\Projects\Sapphire52000.github.io\Sapphire52000.github.io\actions-runner\.credentials_rsaparams
[2023-06-03 08:36:06Z INFO GitHubActionsService] AAD Correlation ID for this token request: Unknown
[2023-06-03 08:36:06Z INFO MessageListener] Session created.
[2023-06-03 08:36:06Z INFO Terminal] WRITE LINE: Current runner version: '2.304.0'
[2023-06-03 08:36:06Z INFO Terminal] WRITE LINE: 2023-06-03 08:36:06Z: Listening for Jobs
[2023-06-03 08:36:06Z INFO JobDispatcher] Set runner/worker IPC timeout to 30 seconds.
[2023-06-03 08:39:44Z INFO Terminal] WRITE LINE: Exiting...
[2023-06-03 08:39:44Z INFO ConfigurationStore] IsServiceConfigured()
[2023-06-03 08:39:44Z INFO ConfigurationStore] IsServiceConfigured: False
[2023-06-03 08:39:44Z INFO HostContext] Runner will be shutdown for UserCancelled
[2023-06-03 08:39:44Z WARN GitHubActionsService] GET request to https://pipelines.actions.githubusercontent.com/EujBeTC1BGJxADbn9T0wbGqJ6FPBEyookALgiU1fvbhi1CQH5P/_apis/distributedtask/pools/1/messages?sessionId=7f4606f1-f077-4200-a9f9-8ee1bd4212eb&status=Online&runnerVersion=2.304.0 has been cancelled.
[2023-06-03 08:39:44Z INFO MessageListener] Get next message has been cancelled.
[2023-06-03 08:39:44Z INFO JobDispatcher] Shutting down JobDispatcher. Make sure all WorkerDispatcher has finished.
[2023-06-03 08:39:45Z INFO Listener] Runner execution been cancelled.
